[INFO] 2025-04-29 17:02:14 - 环境初始化完成
[INFO] 2025-04-29 17:02:14 - 日志目录: logs/ppo_to_s2_0429_1702
[INFO] 2025-04-29 17:02:14 - 模型目录: logs/ppo_to_s2_0429_1702/models
[INFO] 2025-04-29 17:02:14 - 配置目录: logs/ppo_to_s2_0429_1702/config
[INFO] 2025-04-29 17:02:14 - 初始化 SingleDroneSim
[INFO] 2025-04-29 17:02:14 - 成功连接 PyBullet, use_gui=False
[INFO] 2025-04-29 17:02:14 - 加载地图模型 building_path=assets/building/building.obj
[INFO] 2025-04-29 17:02:14 - [Init] Blue #0 | ID=1 | Pos=[0.0, 0.0, 0.0]
[INFO] 2025-04-29 17:02:14 - 激活奖励组件: ['target_progress', 'obstacle_penalty']
[INFO] 2025-04-29 17:02:33 - 已初始化 PPO 模型！
[INFO] 2025-04-29 17:02:33 - 开始训练 PPO 模型...
[INFO] 2025-04-29 17:02:33 - 仿真环境重置 ...
[INFO] 2025-04-29 17:02:33 - 已清除 GUI 轨迹
[INFO] 2025-04-29 17:02:33 - 已断开 PyBullet 连接
[INFO] 2025-04-29 17:02:33 - 初始化 SingleDroneSim
[INFO] 2025-04-29 17:02:33 - 成功连接 PyBullet, use_gui=False
[INFO] 2025-04-29 17:02:33 - 加载地图模型 building_path=assets/building/building.obj
[INFO] 2025-04-29 17:02:33 - [Init] Blue #0 | ID=1 | Pos=[0.0, 0.0, 0.0]
[INFO] 2025-04-29 17:03:06 - Episode finished: {'step_count': 200, 'done': True, 'total_reward': 0.011093269894306559, 'collision': False, 'arrival': False, 'step_limited': True, 'episode/total_reward': -1.2479948984917824, 'episode/step_count': 200, 'episode/target_progress': -1.2479948984917824, 'episode/obstacle_penalty': 0.0}
[INFO] 2025-04-29 17:03:06 - 仿真环境重置 ...
[INFO] 2025-04-29 17:03:06 - 已清除 GUI 轨迹
[INFO] 2025-04-29 17:03:06 - 已断开 PyBullet 连接
[INFO] 2025-04-29 17:03:06 - 初始化 SingleDroneSim
[INFO] 2025-04-29 17:03:06 - 成功连接 PyBullet, use_gui=False
[INFO] 2025-04-29 17:03:06 - 加载地图模型 building_path=assets/building/building.obj
[INFO] 2025-04-29 17:03:06 - [Init] Blue #0 | ID=1 | Pos=[0.0, 0.0, 0.0]
[INFO] 2025-04-29 17:03:40 - Episode finished: {'step_count': 200, 'done': True, 'total_reward': -0.012032459404122165, 'collision': False, 'arrival': False, 'step_limited': True, 'episode/total_reward': -1.403867597938677, 'episode/step_count': 200, 'episode/target_progress': -2.6518624964304602, 'episode/obstacle_penalty': 0.0}
[INFO] 2025-04-29 17:03:40 - 仿真环境重置 ...
[INFO] 2025-04-29 17:03:40 - 已清除 GUI 轨迹
[INFO] 2025-04-29 17:03:40 - 已断开 PyBullet 连接
[INFO] 2025-04-29 17:03:40 - 初始化 SingleDroneSim
[INFO] 2025-04-29 17:03:40 - 成功连接 PyBullet, use_gui=False
[INFO] 2025-04-29 17:03:40 - 加载地图模型 building_path=assets/building/building.obj
[INFO] 2025-04-29 17:03:40 - [Init] Blue #0 | ID=1 | Pos=[0.0, 0.0, 0.0]
[INFO] 2025-04-29 17:04:12 - Episode finished: {'step_count': 200, 'done': True, 'total_reward': -0.03651241663260066, 'collision': False, 'arrival': False, 'step_limited': True, 'episode/total_reward': 3.205705511422636, 'episode/step_count': 200, 'episode/target_progress': 0.5538430149921725, 'episode/obstacle_penalty': 0.0}
[INFO] 2025-04-29 17:04:12 - 仿真环境重置 ...
[INFO] 2025-04-29 17:04:12 - 已清除 GUI 轨迹
[INFO] 2025-04-29 17:04:12 - 已断开 PyBullet 连接
[INFO] 2025-04-29 17:04:12 - 初始化 SingleDroneSim
[INFO] 2025-04-29 17:04:12 - 成功连接 PyBullet, use_gui=False
[INFO] 2025-04-29 17:04:12 - 加载地图模型 building_path=assets/building/building.obj
[INFO] 2025-04-29 17:04:13 - [Init] Blue #0 | ID=1 | Pos=[0.0, 0.0, 0.0]
[INFO] 2025-04-29 17:04:45 - Episode finished: {'step_count': 200, 'done': True, 'total_reward': -0.036886389967726245, 'collision': False, 'arrival': False, 'step_limited': True, 'episode/total_reward': 0.5213310078065868, 'episode/step_count': 200, 'episode/target_progress': 1.07517402279876, 'episode/obstacle_penalty': 0.0}
[INFO] 2025-04-29 17:04:45 - 仿真环境重置 ...
[INFO] 2025-04-29 17:04:45 - 已清除 GUI 轨迹
[INFO] 2025-04-29 17:04:45 - 已断开 PyBullet 连接
[INFO] 2025-04-29 17:04:45 - 初始化 SingleDroneSim
[INFO] 2025-04-29 17:04:45 - 成功连接 PyBullet, use_gui=False
[INFO] 2025-04-29 17:04:45 - 加载地图模型 building_path=assets/building/building.obj
[INFO] 2025-04-29 17:04:46 - [Init] Blue #0 | ID=1 | Pos=[0.0, 0.0, 0.0]
[INFO] 2025-04-29 17:05:21 - Episode finished: {'step_count': 200, 'done': True, 'total_reward': -0.08657602790357942, 'collision': False, 'arrival': False, 'step_limited': True, 'episode/total_reward': -1.2547284342481628, 'episode/step_count': 200, 'episode/target_progress': -0.17955441144940432, 'episode/obstacle_penalty': 0.0}
[INFO] 2025-04-29 17:05:21 - 仿真环境重置 ...
[INFO] 2025-04-29 17:05:21 - 已清除 GUI 轨迹
[INFO] 2025-04-29 17:05:21 - 已断开 PyBullet 连接
[INFO] 2025-04-29 17:05:21 - 初始化 SingleDroneSim
[INFO] 2025-04-29 17:05:21 - 成功连接 PyBullet, use_gui=False
[INFO] 2025-04-29 17:05:21 - 加载地图模型 building_path=assets/building/building.obj
[INFO] 2025-04-29 17:05:21 - [Init] Blue #0 | ID=1 | Pos=[0.0, 0.0, 0.0]
[INFO] 2025-04-29 17:05:56 - Episode finished: {'step_count': 200, 'done': True, 'total_reward': -0.04721045316576692, 'collision': False, 'arrival': False, 'step_limited': True, 'episode/total_reward': -3.1357525966170305, 'episode/step_count': 200, 'episode/target_progress': -3.315307008066435, 'episode/obstacle_penalty': 0.0}
[INFO] 2025-04-29 17:05:56 - 仿真环境重置 ...
[INFO] 2025-04-29 17:05:56 - 已清除 GUI 轨迹
[INFO] 2025-04-29 17:05:56 - 已断开 PyBullet 连接
[INFO] 2025-04-29 17:05:56 - 初始化 SingleDroneSim
[INFO] 2025-04-29 17:05:56 - 成功连接 PyBullet, use_gui=False
[INFO] 2025-04-29 17:05:56 - 加载地图模型 building_path=assets/building/building.obj
[INFO] 2025-04-29 17:05:56 - [Init] Blue #0 | ID=1 | Pos=[0.0, 0.0, 0.0]
[INFO] 2025-04-29 17:06:32 - Episode finished: {'step_count': 200, 'done': True, 'total_reward': -0.018417684973846916, 'collision': False, 'arrival': False, 'step_limited': True, 'episode/total_reward': 4.521388418776688, 'episode/step_count': 200, 'episode/target_progress': 1.2060814107102529, 'episode/obstacle_penalty': 0.0}
[INFO] 2025-04-29 17:06:32 - 仿真环境重置 ...
[INFO] 2025-04-29 17:06:32 - 已清除 GUI 轨迹
[INFO] 2025-04-29 17:06:32 - 已断开 PyBullet 连接
[INFO] 2025-04-29 17:06:32 - 初始化 SingleDroneSim
[INFO] 2025-04-29 17:06:32 - 成功连接 PyBullet, use_gui=False
[INFO] 2025-04-29 17:06:32 - 加载地图模型 building_path=assets/building/building.obj
[INFO] 2025-04-29 17:06:33 - [Init] Blue #0 | ID=1 | Pos=[0.0, 0.0, 0.0]
[INFO] 2025-04-29 17:07:11 - Episode finished: {'step_count': 200, 'done': True, 'total_reward': -0.033643030496946266, 'collision': False, 'arrival': False, 'step_limited': True, 'episode/total_reward': -1.9271744739517793, 'episode/step_count': 200, 'episode/target_progress': -0.7210930632415268, 'episode/obstacle_penalty': 0.0}
[INFO] 2025-04-29 17:07:11 - 仿真环境重置 ...
[INFO] 2025-04-29 17:07:11 - 已清除 GUI 轨迹
[INFO] 2025-04-29 17:07:11 - 已断开 PyBullet 连接
[INFO] 2025-04-29 17:07:11 - 初始化 SingleDroneSim
[INFO] 2025-04-29 17:07:11 - 成功连接 PyBullet, use_gui=False
[INFO] 2025-04-29 17:07:11 - 加载地图模型 building_path=assets/building/building.obj
[INFO] 2025-04-29 17:07:11 - [Init] Blue #0 | ID=1 | Pos=[0.0, 0.0, 0.0]
[INFO] 2025-04-29 17:07:49 - Episode finished: {'step_count': 200, 'done': True, 'total_reward': -0.0009881688326288441, 'collision': False, 'arrival': False, 'step_limited': True, 'episode/total_reward': 0.13220524362124111, 'episode/step_count': 200, 'episode/target_progress': -0.5888878196202859, 'episode/obstacle_penalty': 0.0}
[INFO] 2025-04-29 17:07:49 - 仿真环境重置 ...
[INFO] 2025-04-29 17:07:49 - 已清除 GUI 轨迹
[INFO] 2025-04-29 17:07:49 - 已断开 PyBullet 连接
[INFO] 2025-04-29 17:07:49 - 初始化 SingleDroneSim
[INFO] 2025-04-29 17:07:49 - 成功连接 PyBullet, use_gui=False
[INFO] 2025-04-29 17:07:49 - 加载地图模型 building_path=assets/building/building.obj
[INFO] 2025-04-29 17:07:50 - [Init] Blue #0 | ID=1 | Pos=[0.0, 0.0, 0.0]
[INFO] 2025-04-29 17:08:28 - Episode finished: {'step_count': 200, 'done': True, 'total_reward': -0.042072191360211945, 'collision': False, 'arrival': False, 'step_limited': True, 'episode/total_reward': -0.45416169331674067, 'episode/step_count': 200, 'episode/target_progress': -1.0430495129370276, 'episode/obstacle_penalty': 0.0}
[INFO] 2025-04-29 17:08:28 - 仿真环境重置 ...
[INFO] 2025-04-29 17:08:28 - 已清除 GUI 轨迹
[INFO] 2025-04-29 17:08:28 - 已断开 PyBullet 连接
[INFO] 2025-04-29 17:08:28 - 初始化 SingleDroneSim
[INFO] 2025-04-29 17:08:28 - 成功连接 PyBullet, use_gui=False
[INFO] 2025-04-29 17:08:28 - 加载地图模型 building_path=assets/building/building.obj
[INFO] 2025-04-29 17:08:29 - [Init] Blue #0 | ID=1 | Pos=[0.0, 0.0, 0.0]
