[INFO] 2025-04-29 17:00:13 - 环境初始化完成
[INFO] 2025-04-29 17:00:13 - 日志目录: logs/ppo_to_s0_0429_1700
[INFO] 2025-04-29 17:00:13 - 模型目录: logs/ppo_to_s0_0429_1700/models
[INFO] 2025-04-29 17:00:13 - 配置目录: logs/ppo_to_s0_0429_1700/config
[INFO] 2025-04-29 17:00:13 - 初始化 SingleDroneSim
[INFO] 2025-04-29 17:00:13 - 成功连接 PyBullet, use_gui=False
[INFO] 2025-04-29 17:00:13 - 加载地图模型 building_path=assets/building/building.obj
[INFO] 2025-04-29 17:00:14 - [Init] Blue #0 | ID=1 | Pos=[0.0, 0.0, 0.0]
[INFO] 2025-04-29 17:00:14 - 激活奖励组件: ['target_progress', 'obstacle_penalty']
[INFO] 2025-04-29 17:00:19 - 已初始化 PPO 模型！
[INFO] 2025-04-29 17:00:19 - 开始训练 PPO 模型...
[INFO] 2025-04-29 17:00:19 - 仿真环境重置 ...
[INFO] 2025-04-29 17:00:19 - 已清除 GUI 轨迹
[INFO] 2025-04-29 17:00:19 - 已断开 PyBullet 连接
[INFO] 2025-04-29 17:00:19 - 初始化 SingleDroneSim
[INFO] 2025-04-29 17:00:19 - 成功连接 PyBullet, use_gui=False
[INFO] 2025-04-29 17:00:19 - 加载地图模型 building_path=assets/building/building.obj
[INFO] 2025-04-29 17:00:19 - [Init] Blue #0 | ID=1 | Pos=[0.0, 0.0, 0.0]
[INFO] 2025-04-29 17:00:32 - Episode finished: {'step_count': 200, 'done': True, 'total_reward': -0.019321736994975254, 'collision': False, 'arrival': False, 'step_limited': True, 'episode/total_reward': -2.1137572616833875, 'episode/step_count': 200, 'episode/target_progress': -2.1137572616833875, 'episode/obstacle_penalty': 0.0}
[INFO] 2025-04-29 17:00:32 - 仿真环境重置 ...
[INFO] 2025-04-29 17:00:32 - 已清除 GUI 轨迹
[INFO] 2025-04-29 17:00:32 - 已断开 PyBullet 连接
[INFO] 2025-04-29 17:00:32 - 初始化 SingleDroneSim
[INFO] 2025-04-29 17:00:32 - 成功连接 PyBullet, use_gui=False
[INFO] 2025-04-29 17:00:32 - 加载地图模型 building_path=assets/building/building.obj
[INFO] 2025-04-29 17:00:32 - [Init] Blue #0 | ID=1 | Pos=[0.0, 0.0, 0.0]
[INFO] 2025-04-29 17:00:43 - Episode finished: {'step_count': 200, 'done': True, 'total_reward': 0.024698056466439765, 'collision': False, 'arrival': False, 'step_limited': True, 'episode/total_reward': 0.873501766947719, 'episode/step_count': 200, 'episode/target_progress': -1.2402554947356697, 'episode/obstacle_penalty': 0.0}
[INFO] 2025-04-29 17:00:43 - 仿真环境重置 ...
[INFO] 2025-04-29 17:00:43 - 已清除 GUI 轨迹
[INFO] 2025-04-29 17:00:43 - 已断开 PyBullet 连接
[INFO] 2025-04-29 17:00:43 - 初始化 SingleDroneSim
[INFO] 2025-04-29 17:00:43 - 成功连接 PyBullet, use_gui=False
[INFO] 2025-04-29 17:00:43 - 加载地图模型 building_path=assets/building/building.obj
[INFO] 2025-04-29 17:00:43 - [Init] Blue #0 | ID=1 | Pos=[0.0, 0.0, 0.0]
[INFO] 2025-04-29 17:00:54 - Episode finished: {'step_count': 200, 'done': True, 'total_reward': 0.010218233688743795, 'collision': False, 'arrival': False, 'step_limited': True, 'episode/total_reward': -0.18330267383998064, 'episode/step_count': 200, 'episode/target_progress': -1.4235581685756475, 'episode/obstacle_penalty': 0.0}
[INFO] 2025-04-29 17:00:54 - 仿真环境重置 ...
[INFO] 2025-04-29 17:00:54 - 已清除 GUI 轨迹
[INFO] 2025-04-29 17:00:54 - 已断开 PyBullet 连接
[INFO] 2025-04-29 17:00:54 - 初始化 SingleDroneSim
[INFO] 2025-04-29 17:00:54 - 成功连接 PyBullet, use_gui=False
[INFO] 2025-04-29 17:00:54 - 加载地图模型 building_path=assets/building/building.obj
[INFO] 2025-04-29 17:00:54 - [Init] Blue #0 | ID=1 | Pos=[0.0, 0.0, 0.0]
[INFO] 2025-04-29 17:01:05 - Episode finished: {'step_count': 200, 'done': True, 'total_reward': -0.0316886192839047, 'collision': False, 'arrival': False, 'step_limited': True, 'episode/total_reward': 0.8149703503304169, 'episode/step_count': 200, 'episode/target_progress': -0.6085878182452304, 'episode/obstacle_penalty': 0.0}
[INFO] 2025-04-29 17:01:05 - 仿真环境重置 ...
[INFO] 2025-04-29 17:01:05 - 已清除 GUI 轨迹
[INFO] 2025-04-29 17:01:05 - 已断开 PyBullet 连接
[INFO] 2025-04-29 17:01:05 - 初始化 SingleDroneSim
[INFO] 2025-04-29 17:01:05 - 成功连接 PyBullet, use_gui=False
[INFO] 2025-04-29 17:01:05 - 加载地图模型 building_path=assets/building/building.obj
[INFO] 2025-04-29 17:01:05 - [Init] Blue #0 | ID=1 | Pos=[0.0, 0.0, 0.0]
[INFO] 2025-04-29 17:01:15 - Episode finished: {'step_count': 200, 'done': True, 'total_reward': -0.023178383580735727, 'collision': False, 'arrival': False, 'step_limited': True, 'episode/total_reward': -2.4993045448704607, 'episode/step_count': 200, 'episode/target_progress': -3.1078923631156914, 'episode/obstacle_penalty': 0.0}
[INFO] 2025-04-29 17:01:15 - 仿真环境重置 ...
[INFO] 2025-04-29 17:01:15 - 已清除 GUI 轨迹
[INFO] 2025-04-29 17:01:15 - 已断开 PyBullet 连接
[INFO] 2025-04-29 17:01:15 - 初始化 SingleDroneSim
[INFO] 2025-04-29 17:01:15 - 成功连接 PyBullet, use_gui=False
[INFO] 2025-04-29 17:01:15 - 加载地图模型 building_path=assets/building/building.obj
[INFO] 2025-04-29 17:01:15 - [Init] Blue #0 | ID=1 | Pos=[0.0, 0.0, 0.0]
[INFO] 2025-04-29 17:01:26 - Episode finished: {'step_count': 200, 'done': True, 'total_reward': -0.05167964279504986, 'collision': False, 'arrival': False, 'step_limited': True, 'episode/total_reward': -2.929399792152709, 'episode/step_count': 200, 'episode/target_progress': -6.0372921552684, 'episode/obstacle_penalty': 0.0}
[INFO] 2025-04-29 17:01:26 - 仿真环境重置 ...
[INFO] 2025-04-29 17:01:26 - 已清除 GUI 轨迹
[INFO] 2025-04-29 17:01:26 - 已断开 PyBullet 连接
[INFO] 2025-04-29 17:01:26 - 初始化 SingleDroneSim
[INFO] 2025-04-29 17:01:26 - 成功连接 PyBullet, use_gui=False
[INFO] 2025-04-29 17:01:26 - 加载地图模型 building_path=assets/building/building.obj
[INFO] 2025-04-29 17:01:26 - [Init] Blue #0 | ID=1 | Pos=[0.0, 0.0, 0.0]
[INFO] 2025-04-29 17:01:37 - Episode finished: {'step_count': 200, 'done': True, 'total_reward': 0.017133209689610567, 'collision': False, 'arrival': False, 'step_limited': True, 'episode/total_reward': 4.819803946647602, 'episode/step_count': 200, 'episode/target_progress': -1.2174882086207932, 'episode/obstacle_penalty': 0.0}
[INFO] 2025-04-29 17:01:37 - 仿真环境重置 ...
[INFO] 2025-04-29 17:01:37 - 已清除 GUI 轨迹
[INFO] 2025-04-29 17:01:37 - 已断开 PyBullet 连接
[INFO] 2025-04-29 17:01:37 - 初始化 SingleDroneSim
[INFO] 2025-04-29 17:01:37 - 成功连接 PyBullet, use_gui=False
[INFO] 2025-04-29 17:01:37 - 加载地图模型 building_path=assets/building/building.obj
[INFO] 2025-04-29 17:01:38 - [Init] Blue #0 | ID=1 | Pos=[0.0, 0.0, 0.0]
[INFO] 2025-04-29 17:01:51 - Episode finished: {'step_count': 200, 'done': True, 'total_reward': -0.048560414279322686, 'collision': False, 'arrival': False, 'step_limited': True, 'episode/total_reward': -2.9628806603238522, 'episode/step_count': 200, 'episode/target_progress': -4.1803688689446465, 'episode/obstacle_penalty': 0.0}
[INFO] 2025-04-29 17:01:51 - 仿真环境重置 ...
[INFO] 2025-04-29 17:01:51 - 已清除 GUI 轨迹
[INFO] 2025-04-29 17:01:51 - 已断开 PyBullet 连接
[INFO] 2025-04-29 17:01:51 - 初始化 SingleDroneSim
[INFO] 2025-04-29 17:01:51 - 成功连接 PyBullet, use_gui=False
[INFO] 2025-04-29 17:01:51 - 加载地图模型 building_path=assets/building/building.obj
[INFO] 2025-04-29 17:01:51 - [Init] Blue #0 | ID=1 | Pos=[0.0, 0.0, 0.0]
[INFO] 2025-04-29 17:02:13 - Episode finished: {'step_count': 200, 'done': True, 'total_reward': -0.014677394459637299, 'collision': False, 'arrival': False, 'step_limited': True, 'episode/total_reward': 1.7127596330950552, 'episode/step_count': 200, 'episode/target_progress': -2.467609235849591, 'episode/obstacle_penalty': 0.0}
[INFO] 2025-04-29 17:02:13 - 仿真环境重置 ...
[INFO] 2025-04-29 17:02:13 - 已清除 GUI 轨迹
[INFO] 2025-04-29 17:02:13 - 已断开 PyBullet 连接
[INFO] 2025-04-29 17:02:13 - 初始化 SingleDroneSim
[INFO] 2025-04-29 17:02:13 - 成功连接 PyBullet, use_gui=False
[INFO] 2025-04-29 17:02:13 - 加载地图模型 building_path=assets/building/building.obj
[INFO] 2025-04-29 17:02:13 - [Init] Blue #0 | ID=1 | Pos=[0.0, 0.0, 0.0]
[INFO] 2025-04-29 17:02:39 - Episode finished: {'step_count': 200, 'done': True, 'total_reward': 0.03522760412143043, 'collision': False, 'arrival': False, 'step_limited': True, 'episode/total_reward': -3.4865711616419737, 'episode/step_count': 200, 'episode/target_progress': -5.954180397491563, 'episode/obstacle_penalty': 0.0}
[INFO] 2025-04-29 17:02:39 - 仿真环境重置 ...
[INFO] 2025-04-29 17:02:39 - 已清除 GUI 轨迹
[INFO] 2025-04-29 17:02:39 - 已断开 PyBullet 连接
[INFO] 2025-04-29 17:02:39 - 初始化 SingleDroneSim
[INFO] 2025-04-29 17:02:40 - 成功连接 PyBullet, use_gui=False
[INFO] 2025-04-29 17:02:40 - 加载地图模型 building_path=assets/building/building.obj
[INFO] 2025-04-29 17:02:40 - [Init] Blue #0 | ID=1 | Pos=[0.0, 0.0, 0.0]
