[INFO] 2025-04-29 17:00:45 - 环境初始化完成
[INFO] 2025-04-29 17:00:45 - 日志目录: logs/ppo_t_s0_0429_1700
[INFO] 2025-04-29 17:00:45 - 模型目录: logs/ppo_t_s0_0429_1700/models
[INFO] 2025-04-29 17:00:45 - 配置目录: logs/ppo_t_s0_0429_1700/config
[INFO] 2025-04-29 17:00:45 - 初始化 SingleDroneSim
[INFO] 2025-04-29 17:00:45 - 成功连接 PyBullet, use_gui=False
[INFO] 2025-04-29 17:00:45 - 加载地图模型 building_path=assets/building/building.obj
[INFO] 2025-04-29 17:00:45 - [Init] Blue #0 | ID=1 | Pos=[0.0, 0.0, 0.0]
[INFO] 2025-04-29 17:00:45 - 激活奖励组件: ['target_progress']
[INFO] 2025-04-29 17:00:51 - 已初始化 PPO 模型！
[INFO] 2025-04-29 17:00:51 - 开始训练 PPO 模型...
[INFO] 2025-04-29 17:00:51 - 仿真环境重置 ...
[INFO] 2025-04-29 17:00:51 - 已清除 GUI 轨迹
[INFO] 2025-04-29 17:00:51 - 已断开 PyBullet 连接
[INFO] 2025-04-29 17:00:51 - 初始化 SingleDroneSim
[INFO] 2025-04-29 17:00:51 - 成功连接 PyBullet, use_gui=False
[INFO] 2025-04-29 17:00:51 - 加载地图模型 building_path=assets/building/building.obj
[INFO] 2025-04-29 17:00:51 - [Init] Blue #0 | ID=1 | Pos=[0.0, 0.0, 0.0]
[INFO] 2025-04-29 17:01:00 - Episode finished: {'step_count': 200, 'done': True, 'total_reward': -0.019321736994975254, 'collision': False, 'arrival': False, 'step_limited': True, 'episode/total_reward': -2.1137572616833875, 'episode/step_count': 200, 'episode/target_progress': -2.1137572616833875}
[INFO] 2025-04-29 17:01:00 - 仿真环境重置 ...
[INFO] 2025-04-29 17:01:00 - 已清除 GUI 轨迹
[INFO] 2025-04-29 17:01:00 - 已断开 PyBullet 连接
[INFO] 2025-04-29 17:01:00 - 初始化 SingleDroneSim
[INFO] 2025-04-29 17:01:00 - 成功连接 PyBullet, use_gui=False
[INFO] 2025-04-29 17:01:00 - 加载地图模型 building_path=assets/building/building.obj
[INFO] 2025-04-29 17:01:00 - [Init] Blue #0 | ID=1 | Pos=[0.0, 0.0, 0.0]
[INFO] 2025-04-29 17:01:07 - Episode finished: {'step_count': 200, 'done': True, 'total_reward': 0.024698056466439765, 'collision': False, 'arrival': False, 'step_limited': True, 'episode/total_reward': 0.873501766947719, 'episode/step_count': 200, 'episode/target_progress': -1.2402554947356697}
[INFO] 2025-04-29 17:01:07 - 仿真环境重置 ...
[INFO] 2025-04-29 17:01:07 - 已清除 GUI 轨迹
[INFO] 2025-04-29 17:01:07 - 已断开 PyBullet 连接
[INFO] 2025-04-29 17:01:07 - 初始化 SingleDroneSim
[INFO] 2025-04-29 17:01:07 - 成功连接 PyBullet, use_gui=False
[INFO] 2025-04-29 17:01:07 - 加载地图模型 building_path=assets/building/building.obj
[INFO] 2025-04-29 17:01:07 - [Init] Blue #0 | ID=1 | Pos=[0.0, 0.0, 0.0]
[INFO] 2025-04-29 17:01:13 - Episode finished: {'step_count': 200, 'done': True, 'total_reward': 0.010218233688743795, 'collision': False, 'arrival': False, 'step_limited': True, 'episode/total_reward': -0.18330267383998064, 'episode/step_count': 200, 'episode/target_progress': -1.4235581685756475}
[INFO] 2025-04-29 17:01:13 - 仿真环境重置 ...
[INFO] 2025-04-29 17:01:13 - 已清除 GUI 轨迹
[INFO] 2025-04-29 17:01:13 - 已断开 PyBullet 连接
[INFO] 2025-04-29 17:01:13 - 初始化 SingleDroneSim
[INFO] 2025-04-29 17:01:13 - 成功连接 PyBullet, use_gui=False
[INFO] 2025-04-29 17:01:13 - 加载地图模型 building_path=assets/building/building.obj
[INFO] 2025-04-29 17:01:13 - [Init] Blue #0 | ID=1 | Pos=[0.0, 0.0, 0.0]
[INFO] 2025-04-29 17:01:21 - Episode finished: {'step_count': 200, 'done': True, 'total_reward': -0.0316886192839047, 'collision': False, 'arrival': False, 'step_limited': True, 'episode/total_reward': 0.8149703503304169, 'episode/step_count': 200, 'episode/target_progress': -0.6085878182452304}
[INFO] 2025-04-29 17:01:21 - 仿真环境重置 ...
[INFO] 2025-04-29 17:01:21 - 已清除 GUI 轨迹
[INFO] 2025-04-29 17:01:21 - 已断开 PyBullet 连接
[INFO] 2025-04-29 17:01:21 - 初始化 SingleDroneSim
[INFO] 2025-04-29 17:01:21 - 成功连接 PyBullet, use_gui=False
[INFO] 2025-04-29 17:01:21 - 加载地图模型 building_path=assets/building/building.obj
[INFO] 2025-04-29 17:01:21 - [Init] Blue #0 | ID=1 | Pos=[0.0, 0.0, 0.0]
[INFO] 2025-04-29 17:01:28 - Episode finished: {'step_count': 200, 'done': True, 'total_reward': -0.023178383580735727, 'collision': False, 'arrival': False, 'step_limited': True, 'episode/total_reward': -2.4993045448704607, 'episode/step_count': 200, 'episode/target_progress': -3.1078923631156914}
[INFO] 2025-04-29 17:01:28 - 仿真环境重置 ...
[INFO] 2025-04-29 17:01:28 - 已清除 GUI 轨迹
[INFO] 2025-04-29 17:01:28 - 已断开 PyBullet 连接
[INFO] 2025-04-29 17:01:28 - 初始化 SingleDroneSim
[INFO] 2025-04-29 17:01:28 - 成功连接 PyBullet, use_gui=False
[INFO] 2025-04-29 17:01:28 - 加载地图模型 building_path=assets/building/building.obj
[INFO] 2025-04-29 17:01:28 - [Init] Blue #0 | ID=1 | Pos=[0.0, 0.0, 0.0]
[INFO] 2025-04-29 17:01:35 - Episode finished: {'step_count': 200, 'done': True, 'total_reward': -0.05167964279504986, 'collision': False, 'arrival': False, 'step_limited': True, 'episode/total_reward': -2.929399792152709, 'episode/step_count': 200, 'episode/target_progress': -6.0372921552684}
[INFO] 2025-04-29 17:01:35 - 仿真环境重置 ...
[INFO] 2025-04-29 17:01:35 - 已清除 GUI 轨迹
[INFO] 2025-04-29 17:01:35 - 已断开 PyBullet 连接
[INFO] 2025-04-29 17:01:35 - 初始化 SingleDroneSim
[INFO] 2025-04-29 17:01:35 - 成功连接 PyBullet, use_gui=False
[INFO] 2025-04-29 17:01:35 - 加载地图模型 building_path=assets/building/building.obj
[INFO] 2025-04-29 17:01:36 - [Init] Blue #0 | ID=1 | Pos=[0.0, 0.0, 0.0]
[INFO] 2025-04-29 17:01:43 - Episode finished: {'step_count': 200, 'done': True, 'total_reward': 0.017133209689610567, 'collision': False, 'arrival': False, 'step_limited': True, 'episode/total_reward': 4.819803946647602, 'episode/step_count': 200, 'episode/target_progress': -1.2174882086207932}
[INFO] 2025-04-29 17:01:43 - 仿真环境重置 ...
[INFO] 2025-04-29 17:01:43 - 已清除 GUI 轨迹
[INFO] 2025-04-29 17:01:43 - 已断开 PyBullet 连接
[INFO] 2025-04-29 17:01:43 - 初始化 SingleDroneSim
[INFO] 2025-04-29 17:01:43 - 成功连接 PyBullet, use_gui=False
[INFO] 2025-04-29 17:01:43 - 加载地图模型 building_path=assets/building/building.obj
[INFO] 2025-04-29 17:01:43 - [Init] Blue #0 | ID=1 | Pos=[0.0, 0.0, 0.0]
[INFO] 2025-04-29 17:01:55 - Episode finished: {'step_count': 200, 'done': True, 'total_reward': -0.048560414279322686, 'collision': False, 'arrival': False, 'step_limited': True, 'episode/total_reward': -2.9628806603238522, 'episode/step_count': 200, 'episode/target_progress': -4.1803688689446465}
[INFO] 2025-04-29 17:01:55 - 仿真环境重置 ...
[INFO] 2025-04-29 17:01:55 - 已清除 GUI 轨迹
[INFO] 2025-04-29 17:01:55 - 已断开 PyBullet 连接
[INFO] 2025-04-29 17:01:55 - 初始化 SingleDroneSim
[INFO] 2025-04-29 17:01:55 - 成功连接 PyBullet, use_gui=False
[INFO] 2025-04-29 17:01:55 - 加载地图模型 building_path=assets/building/building.obj
[INFO] 2025-04-29 17:01:55 - [Init] Blue #0 | ID=1 | Pos=[0.0, 0.0, 0.0]
[INFO] 2025-04-29 17:02:11 - Episode finished: {'step_count': 200, 'done': True, 'total_reward': -0.014677394459637299, 'collision': False, 'arrival': False, 'step_limited': True, 'episode/total_reward': 1.7127596330950552, 'episode/step_count': 200, 'episode/target_progress': -2.467609235849591}
[INFO] 2025-04-29 17:02:11 - 仿真环境重置 ...
[INFO] 2025-04-29 17:02:11 - 已清除 GUI 轨迹
[INFO] 2025-04-29 17:02:11 - 已断开 PyBullet 连接
[INFO] 2025-04-29 17:02:11 - 初始化 SingleDroneSim
[INFO] 2025-04-29 17:02:11 - 成功连接 PyBullet, use_gui=False
[INFO] 2025-04-29 17:02:11 - 加载地图模型 building_path=assets/building/building.obj
[INFO] 2025-04-29 17:02:12 - [Init] Blue #0 | ID=1 | Pos=[0.0, 0.0, 0.0]
[INFO] 2025-04-29 17:02:31 - Episode finished: {'step_count': 200, 'done': True, 'total_reward': 0.03522760412143043, 'collision': False, 'arrival': False, 'step_limited': True, 'episode/total_reward': -3.4865711616419737, 'episode/step_count': 200, 'episode/target_progress': -5.954180397491563}
[INFO] 2025-04-29 17:02:31 - 仿真环境重置 ...
[INFO] 2025-04-29 17:02:31 - 已清除 GUI 轨迹
[INFO] 2025-04-29 17:02:31 - 已断开 PyBullet 连接
[INFO] 2025-04-29 17:02:31 - 初始化 SingleDroneSim
[INFO] 2025-04-29 17:02:31 - 成功连接 PyBullet, use_gui=False
[INFO] 2025-04-29 17:02:31 - 加载地图模型 building_path=assets/building/building.obj
[INFO] 2025-04-29 17:02:31 - [Init] Blue #0 | ID=1 | Pos=[0.0, 0.0, 0.0]
