[INFO] 2025-04-29 17:01:13 - 环境初始化完成
[INFO] 2025-04-29 17:01:13 - 日志目录: logs/ppo_to_s1_0429_1701
[INFO] 2025-04-29 17:01:13 - 模型目录: logs/ppo_to_s1_0429_1701/models
[INFO] 2025-04-29 17:01:13 - 配置目录: logs/ppo_to_s1_0429_1701/config
[INFO] 2025-04-29 17:01:13 - 初始化 SingleDroneSim
[INFO] 2025-04-29 17:01:13 - 成功连接 PyBullet, use_gui=False
[INFO] 2025-04-29 17:01:13 - 加载地图模型 building_path=assets/building/building.obj
[INFO] 2025-04-29 17:01:13 - [Init] Blue #0 | ID=1 | Pos=[0.0, 0.0, 0.0]
[INFO] 2025-04-29 17:01:13 - 激活奖励组件: ['target_progress', 'obstacle_penalty']
[INFO] 2025-04-29 17:01:19 - 已初始化 PPO 模型！
[INFO] 2025-04-29 17:01:19 - 开始训练 PPO 模型...
[INFO] 2025-04-29 17:01:19 - 仿真环境重置 ...
[INFO] 2025-04-29 17:01:19 - 已清除 GUI 轨迹
[INFO] 2025-04-29 17:01:19 - 已断开 PyBullet 连接
[INFO] 2025-04-29 17:01:19 - 初始化 SingleDroneSim
[INFO] 2025-04-29 17:01:19 - 成功连接 PyBullet, use_gui=False
[INFO] 2025-04-29 17:01:19 - 加载地图模型 building_path=assets/building/building.obj
[INFO] 2025-04-29 17:01:19 - [Init] Blue #0 | ID=1 | Pos=[0.0, 0.0, 0.0]
[INFO] 2025-04-29 17:01:32 - Episode finished: {'step_count': 200, 'done': True, 'total_reward': 0.006842829927858247, 'collision': False, 'arrival': False, 'step_limited': True, 'episode/total_reward': -2.7578165666831485, 'episode/step_count': 200, 'episode/target_progress': -2.7578165666831485, 'episode/obstacle_penalty': 0.0}
[INFO] 2025-04-29 17:01:32 - 仿真环境重置 ...
[INFO] 2025-04-29 17:01:32 - 已清除 GUI 轨迹
[INFO] 2025-04-29 17:01:32 - 已断开 PyBullet 连接
[INFO] 2025-04-29 17:01:32 - 初始化 SingleDroneSim
[INFO] 2025-04-29 17:01:32 - 成功连接 PyBullet, use_gui=False
[INFO] 2025-04-29 17:01:32 - 加载地图模型 building_path=assets/building/building.obj
[INFO] 2025-04-29 17:01:32 - [Init] Blue #0 | ID=1 | Pos=[0.0, 0.0, 0.0]
[INFO] 2025-04-29 17:01:43 - Episode finished: {'step_count': 200, 'done': True, 'total_reward': -0.03973852625948325, 'collision': False, 'arrival': False, 'step_limited': True, 'episode/total_reward': 1.9281593514206152, 'episode/step_count': 200, 'episode/target_progress': -0.8296572152625319, 'episode/obstacle_penalty': 0.0}
[INFO] 2025-04-29 17:01:43 - 仿真环境重置 ...
[INFO] 2025-04-29 17:01:43 - 已清除 GUI 轨迹
[INFO] 2025-04-29 17:01:43 - 已断开 PyBullet 连接
[INFO] 2025-04-29 17:01:43 - 初始化 SingleDroneSim
[INFO] 2025-04-29 17:01:43 - 成功连接 PyBullet, use_gui=False
[INFO] 2025-04-29 17:01:43 - 加载地图模型 building_path=assets/building/building.obj
[INFO] 2025-04-29 17:01:43 - [Init] Blue #0 | ID=1 | Pos=[0.0, 0.0, 0.0]
[INFO] 2025-04-29 17:02:02 - Episode finished: {'step_count': 200, 'done': True, 'total_reward': -0.051980923551947174, 'collision': False, 'arrival': False, 'step_limited': True, 'episode/total_reward': -1.8116853450132715, 'episode/step_count': 200, 'episode/target_progress': -2.641342560275805, 'episode/obstacle_penalty': 0.0}
[INFO] 2025-04-29 17:02:02 - 仿真环境重置 ...
[INFO] 2025-04-29 17:02:02 - 已清除 GUI 轨迹
[INFO] 2025-04-29 17:02:02 - 已断开 PyBullet 连接
[INFO] 2025-04-29 17:02:02 - 初始化 SingleDroneSim
[INFO] 2025-04-29 17:02:02 - 成功连接 PyBullet, use_gui=False
[INFO] 2025-04-29 17:02:02 - 加载地图模型 building_path=assets/building/building.obj
[INFO] 2025-04-29 17:02:02 - [Init] Blue #0 | ID=1 | Pos=[0.0, 0.0, 0.0]
[INFO] 2025-04-29 17:02:26 - Episode finished: {'step_count': 200, 'done': True, 'total_reward': -0.04226860363409401, 'collision': False, 'arrival': False, 'step_limited': True, 'episode/total_reward': -1.355027424949399, 'episode/step_count': 200, 'episode/target_progress': -3.996369985225203, 'episode/obstacle_penalty': 0.0}
[INFO] 2025-04-29 17:02:26 - 仿真环境重置 ...
[INFO] 2025-04-29 17:02:26 - 已清除 GUI 轨迹
[INFO] 2025-04-29 17:02:26 - 已断开 PyBullet 连接
[INFO] 2025-04-29 17:02:26 - 初始化 SingleDroneSim
[INFO] 2025-04-29 17:02:27 - 成功连接 PyBullet, use_gui=False
[INFO] 2025-04-29 17:02:27 - 加载地图模型 building_path=assets/building/building.obj
[INFO] 2025-04-29 17:02:27 - [Init] Blue #0 | ID=1 | Pos=[0.0, 0.0, 0.0]
[INFO] 2025-04-29 17:02:55 - Episode finished: {'step_count': 200, 'done': True, 'total_reward': -0.03143121093994068, 'collision': False, 'arrival': False, 'step_limited': True, 'episode/total_reward': 2.209065114353435, 'episode/step_count': 200, 'episode/target_progress': -1.7873048708717687, 'episode/obstacle_penalty': 0.0}
[INFO] 2025-04-29 17:02:55 - 仿真环境重置 ...
[INFO] 2025-04-29 17:02:55 - 已清除 GUI 轨迹
[INFO] 2025-04-29 17:02:55 - 已断开 PyBullet 连接
[INFO] 2025-04-29 17:02:55 - 初始化 SingleDroneSim
[INFO] 2025-04-29 17:02:55 - 成功连接 PyBullet, use_gui=False
[INFO] 2025-04-29 17:02:55 - 加载地图模型 building_path=assets/building/building.obj
[INFO] 2025-04-29 17:02:55 - [Init] Blue #0 | ID=1 | Pos=[0.0, 0.0, 0.0]
[INFO] 2025-04-29 17:03:30 - Episode finished: {'step_count': 200, 'done': True, 'total_reward': -0.05693392275014162, 'collision': False, 'arrival': False, 'step_limited': True, 'episode/total_reward': 1.1011596579781353, 'episode/step_count': 200, 'episode/target_progress': -0.6861452128936337, 'episode/obstacle_penalty': 0.0}
[INFO] 2025-04-29 17:03:30 - 仿真环境重置 ...
[INFO] 2025-04-29 17:03:30 - 已清除 GUI 轨迹
[INFO] 2025-04-29 17:03:30 - 已断开 PyBullet 连接
[INFO] 2025-04-29 17:03:30 - 初始化 SingleDroneSim
[INFO] 2025-04-29 17:03:30 - 成功连接 PyBullet, use_gui=False
[INFO] 2025-04-29 17:03:30 - 加载地图模型 building_path=assets/building/building.obj
[INFO] 2025-04-29 17:03:30 - [Init] Blue #0 | ID=1 | Pos=[0.0, 0.0, 0.0]
[INFO] 2025-04-29 17:04:03 - Episode finished: {'step_count': 200, 'done': True, 'total_reward': -0.0066065161263156825, 'collision': False, 'arrival': False, 'step_limited': True, 'episode/total_reward': -2.4673352005882676, 'episode/step_count': 200, 'episode/target_progress': -3.1534804134818986, 'episode/obstacle_penalty': 0.0}
[INFO] 2025-04-29 17:04:03 - 仿真环境重置 ...
[INFO] 2025-04-29 17:04:03 - 已清除 GUI 轨迹
[INFO] 2025-04-29 17:04:03 - 已断开 PyBullet 连接
[INFO] 2025-04-29 17:04:03 - 初始化 SingleDroneSim
[INFO] 2025-04-29 17:04:04 - 成功连接 PyBullet, use_gui=False
[INFO] 2025-04-29 17:04:04 - 加载地图模型 building_path=assets/building/building.obj
[INFO] 2025-04-29 17:04:04 - [Init] Blue #0 | ID=1 | Pos=[0.0, 0.0, 0.0]
[INFO] 2025-04-29 17:04:38 - Episode finished: {'step_count': 200, 'done': True, 'total_reward': -0.04359029420609545, 'collision': False, 'arrival': False, 'step_limited': True, 'episode/total_reward': 2.0652092348320115, 'episode/step_count': 200, 'episode/target_progress': -1.0882711786498815, 'episode/obstacle_penalty': 0.0}
[INFO] 2025-04-29 17:04:38 - 仿真环境重置 ...
[INFO] 2025-04-29 17:04:38 - 已清除 GUI 轨迹
[INFO] 2025-04-29 17:04:38 - 已断开 PyBullet 连接
[INFO] 2025-04-29 17:04:38 - 初始化 SingleDroneSim
[INFO] 2025-04-29 17:04:38 - 成功连接 PyBullet, use_gui=False
[INFO] 2025-04-29 17:04:38 - 加载地图模型 building_path=assets/building/building.obj
[INFO] 2025-04-29 17:04:38 - [Init] Blue #0 | ID=1 | Pos=[0.0, 0.0, 0.0]
[INFO] 2025-04-29 17:05:12 - Episode finished: {'step_count': 200, 'done': True, 'total_reward': 0.00010430700952497318, 'collision': False, 'arrival': False, 'step_limited': True, 'episode/total_reward': -2.890849627509964, 'episode/step_count': 200, 'episode/target_progress': -3.979120806159844, 'episode/obstacle_penalty': 0.0}
[INFO] 2025-04-29 17:05:12 - 仿真环境重置 ...
[INFO] 2025-04-29 17:05:12 - 已清除 GUI 轨迹
[INFO] 2025-04-29 17:05:12 - 已断开 PyBullet 连接
[INFO] 2025-04-29 17:05:12 - 初始化 SingleDroneSim
[INFO] 2025-04-29 17:05:13 - 成功连接 PyBullet, use_gui=False
[INFO] 2025-04-29 17:05:13 - 加载地图模型 building_path=assets/building/building.obj
[INFO] 2025-04-29 17:05:13 - [Init] Blue #0 | ID=1 | Pos=[0.0, 0.0, 0.0]
[INFO] 2025-04-29 17:05:48 - Episode finished: {'step_count': 200, 'done': True, 'total_reward': -0.027182894045683952, 'collision': False, 'arrival': False, 'step_limited': True, 'episode/total_reward': 2.024777359689268, 'episode/step_count': 200, 'episode/target_progress': -1.9543434464705796, 'episode/obstacle_penalty': 0.0}
[INFO] 2025-04-29 17:05:48 - 仿真环境重置 ...
[INFO] 2025-04-29 17:05:48 - 已清除 GUI 轨迹
[INFO] 2025-04-29 17:05:48 - 已断开 PyBullet 连接
[INFO] 2025-04-29 17:05:48 - 初始化 SingleDroneSim
[INFO] 2025-04-29 17:05:48 - 成功连接 PyBullet, use_gui=False
[INFO] 2025-04-29 17:05:48 - 加载地图模型 building_path=assets/building/building.obj
[INFO] 2025-04-29 17:05:48 - [Init] Blue #0 | ID=1 | Pos=[0.0, 0.0, 0.0]
