[INFO] 2025-04-29 17:00:52 - 环境初始化完成
[INFO] 2025-04-29 17:00:52 - 日志目录: logs/ppo_toh_s1_0429_1700
[INFO] 2025-04-29 17:00:52 - 模型目录: logs/ppo_toh_s1_0429_1700/models
[INFO] 2025-04-29 17:00:52 - 配置目录: logs/ppo_toh_s1_0429_1700/config
[INFO] 2025-04-29 17:00:52 - 初始化 SingleDroneSim
[INFO] 2025-04-29 17:00:52 - 成功连接 PyBullet, use_gui=False
[INFO] 2025-04-29 17:00:52 - 加载地图模型 building_path=assets/building/building.obj
[INFO] 2025-04-29 17:00:52 - [Init] Blue #0 | ID=1 | Pos=[0.0, 0.0, 0.0]
[INFO] 2025-04-29 17:00:52 - 激活奖励组件: ['target_progress', 'obstacle_penalty', 'heading_alignment']
[INFO] 2025-04-29 17:00:58 - 已初始化 PPO 模型！
[INFO] 2025-04-29 17:00:58 - 开始训练 PPO 模型...
[INFO] 2025-04-29 17:00:58 - 仿真环境重置 ...
[INFO] 2025-04-29 17:00:58 - 已清除 GUI 轨迹
[INFO] 2025-04-29 17:00:58 - 已断开 PyBullet 连接
[INFO] 2025-04-29 17:00:58 - 初始化 SingleDroneSim
[INFO] 2025-04-29 17:00:58 - 成功连接 PyBullet, use_gui=False
[INFO] 2025-04-29 17:00:58 - 加载地图模型 building_path=assets/building/building.obj
[INFO] 2025-04-29 17:00:58 - [Init] Blue #0 | ID=1 | Pos=[0.0, 0.0, 0.0]
[INFO] 2025-04-29 17:01:10 - Episode finished: {'step_count': 200, 'done': True, 'total_reward': 0.4448336105322176, 'collision': False, 'arrival': False, 'step_limited': True, 'episode/total_reward': -23.60076650709635, 'episode/step_count': 200, 'episode/target_progress': -2.7578165666831485, 'episode/obstacle_penalty': 0.0, 'episode/heading_alignment': -20.842949940413195}
[INFO] 2025-04-29 17:01:10 - 仿真环境重置 ...
[INFO] 2025-04-29 17:01:10 - 已清除 GUI 轨迹
[INFO] 2025-04-29 17:01:10 - 已断开 PyBullet 连接
[INFO] 2025-04-29 17:01:10 - 初始化 SingleDroneSim
[INFO] 2025-04-29 17:01:10 - 成功连接 PyBullet, use_gui=False
[INFO] 2025-04-29 17:01:10 - 加载地图模型 building_path=assets/building/building.obj
[INFO] 2025-04-29 17:01:10 - [Init] Blue #0 | ID=1 | Pos=[0.0, 0.0, 0.0]
[INFO] 2025-04-29 17:01:21 - Episode finished: {'step_count': 200, 'done': True, 'total_reward': -0.5001586728729013, 'collision': False, 'arrival': False, 'step_limited': True, 'episode/total_reward': -24.26886460512935, 'episode/step_count': 200, 'episode/target_progress': -0.8296572152625319, 'episode/obstacle_penalty': 0.0, 'episode/heading_alignment': -47.03997389696315}
[INFO] 2025-04-29 17:01:21 - 仿真环境重置 ...
[INFO] 2025-04-29 17:01:21 - 已清除 GUI 轨迹
[INFO] 2025-04-29 17:01:21 - 已断开 PyBullet 连接
[INFO] 2025-04-29 17:01:21 - 初始化 SingleDroneSim
[INFO] 2025-04-29 17:01:21 - 成功连接 PyBullet, use_gui=False
[INFO] 2025-04-29 17:01:21 - 加载地图模型 building_path=assets/building/building.obj
[INFO] 2025-04-29 17:01:21 - [Init] Blue #0 | ID=1 | Pos=[0.0, 0.0, 0.0]
[INFO] 2025-04-29 17:01:32 - Episode finished: {'step_count': 200, 'done': True, 'total_reward': -0.3799003501511299, 'collision': False, 'arrival': False, 'step_limited': True, 'episode/total_reward': -40.92275559778289, 'episode/step_count': 200, 'episode/target_progress': -2.641342560275805, 'episode/obstacle_penalty': 0.0, 'episode/heading_alignment': -86.1510441497327}
[INFO] 2025-04-29 17:01:32 - 仿真环境重置 ...
[INFO] 2025-04-29 17:01:32 - 已清除 GUI 轨迹
[INFO] 2025-04-29 17:01:32 - 已断开 PyBullet 连接
[INFO] 2025-04-29 17:01:32 - 初始化 SingleDroneSim
[INFO] 2025-04-29 17:01:32 - 成功连接 PyBullet, use_gui=False
[INFO] 2025-04-29 17:01:32 - 加载地图模型 building_path=assets/building/building.obj
[INFO] 2025-04-29 17:01:32 - [Init] Blue #0 | ID=1 | Pos=[0.0, 0.0, 0.0]
[INFO] 2025-04-29 17:01:43 - Episode finished: {'step_count': 200, 'done': True, 'total_reward': -0.48490536260385836, 'collision': False, 'arrival': False, 'step_limited': True, 'episode/total_reward': -30.22426079869115, 'episode/step_count': 200, 'episode/target_progress': -3.996369985225203, 'episode/obstacle_penalty': 0.0, 'episode/heading_alignment': -115.02027752347435}
[INFO] 2025-04-29 17:01:43 - 仿真环境重置 ...
[INFO] 2025-04-29 17:01:43 - 已清除 GUI 轨迹
[INFO] 2025-04-29 17:01:43 - 已断开 PyBullet 连接
[INFO] 2025-04-29 17:01:43 - 初始化 SingleDroneSim
[INFO] 2025-04-29 17:01:43 - 成功连接 PyBullet, use_gui=False
[INFO] 2025-04-29 17:01:43 - 加载地图模型 building_path=assets/building/building.obj
[INFO] 2025-04-29 17:01:43 - [Init] Blue #0 | ID=1 | Pos=[0.0, 0.0, 0.0]
[INFO] 2025-04-29 17:02:03 - Episode finished: {'step_count': 200, 'done': True, 'total_reward': -0.44256490395261033, 'collision': False, 'arrival': False, 'step_limited': True, 'episode/total_reward': -8.78030936700862, 'episode/step_count': 200, 'episode/target_progress': -1.7873048708717687, 'episode/obstacle_penalty': 0.0, 'episode/heading_alignment': -126.00965200483637}
[INFO] 2025-04-29 17:02:03 - 仿真环境重置 ...
[INFO] 2025-04-29 17:02:03 - 已清除 GUI 轨迹
[INFO] 2025-04-29 17:02:03 - 已断开 PyBullet 连接
[INFO] 2025-04-29 17:02:03 - 初始化 SingleDroneSim
[INFO] 2025-04-29 17:02:03 - 成功连接 PyBullet, use_gui=False
[INFO] 2025-04-29 17:02:03 - 加载地图模型 building_path=assets/building/building.obj
[INFO] 2025-04-29 17:02:03 - [Init] Blue #0 | ID=1 | Pos=[0.0, 0.0, 0.0]
[INFO] 2025-04-29 17:02:29 - Episode finished: {'step_count': 200, 'done': True, 'total_reward': -0.5226650613496361, 'collision': False, 'arrival': False, 'step_limited': True, 'episode/total_reward': -13.703639924872313, 'episode/step_count': 200, 'episode/target_progress': -0.6861452128936337, 'episode/obstacle_penalty': 0.0, 'episode/heading_alignment': -140.81445158768685}
[INFO] 2025-04-29 17:02:29 - 仿真环境重置 ...
[INFO] 2025-04-29 17:02:29 - 已清除 GUI 轨迹
[INFO] 2025-04-29 17:02:29 - 已断开 PyBullet 连接
[INFO] 2025-04-29 17:02:29 - 初始化 SingleDroneSim
[INFO] 2025-04-29 17:02:29 - 成功连接 PyBullet, use_gui=False
[INFO] 2025-04-29 17:02:29 - 加载地图模型 building_path=assets/building/building.obj
[INFO] 2025-04-29 17:02:30 - [Init] Blue #0 | ID=1 | Pos=[0.0, 0.0, 0.0]
[INFO] 2025-04-29 17:02:58 - Episode finished: {'step_count': 200, 'done': True, 'total_reward': -0.141510461255743, 'collision': False, 'arrival': False, 'step_limited': True, 'episode/total_reward': -21.217294344134757, 'episode/step_count': 200, 'episode/target_progress': -3.1534804134818986, 'episode/obstacle_penalty': 0.0, 'episode/heading_alignment': -159.56441073123318}
[INFO] 2025-04-29 17:02:58 - 仿真环境重置 ...
[INFO] 2025-04-29 17:02:58 - 已清除 GUI 轨迹
[INFO] 2025-04-29 17:02:58 - 已断开 PyBullet 连接
[INFO] 2025-04-29 17:02:58 - 初始化 SingleDroneSim
[INFO] 2025-04-29 17:02:58 - 成功连接 PyBullet, use_gui=False
[INFO] 2025-04-29 17:02:58 - 加载地图模型 building_path=assets/building/building.obj
[INFO] 2025-04-29 17:02:59 - [Init] Blue #0 | ID=1 | Pos=[0.0, 0.0, 0.0]
[INFO] 2025-04-29 17:03:33 - Episode finished: {'step_count': 200, 'done': True, 'total_reward': -0.49535285893652853, 'collision': False, 'arrival': False, 'step_limited': True, 'episode/total_reward': -16.880662763928417, 'episode/step_count': 200, 'episode/target_progress': -1.0882711786498815, 'episode/obstacle_penalty': 0.0, 'episode/heading_alignment': -178.51028272999363}
[INFO] 2025-04-29 17:03:33 - 仿真环境重置 ...
[INFO] 2025-04-29 17:03:33 - 已清除 GUI 轨迹
[INFO] 2025-04-29 17:03:33 - 已断开 PyBullet 连接
[INFO] 2025-04-29 17:03:33 - 初始化 SingleDroneSim
[INFO] 2025-04-29 17:03:33 - 成功连接 PyBullet, use_gui=False
[INFO] 2025-04-29 17:03:33 - 加载地图模型 building_path=assets/building/building.obj
[INFO] 2025-04-29 17:03:34 - [Init] Blue #0 | ID=1 | Pos=[0.0, 0.0, 0.0]
[INFO] 2025-04-29 17:04:07 - Episode finished: {'step_count': 200, 'done': True, 'total_reward': 0.40881966089586136, 'collision': False, 'arrival': False, 'step_limited': True, 'episode/total_reward': -50.654845504789385, 'episode/step_count': 200, 'episode/target_progress': -3.979120806159844, 'episode/obstacle_penalty': 0.0, 'episode/heading_alignment': -226.27427860727317}
[INFO] 2025-04-29 17:04:07 - 仿真环境重置 ...
[INFO] 2025-04-29 17:04:07 - 已清除 GUI 轨迹
[INFO] 2025-04-29 17:04:07 - 已断开 PyBullet 连接
[INFO] 2025-04-29 17:04:07 - 初始化 SingleDroneSim
[INFO] 2025-04-29 17:04:08 - 成功连接 PyBullet, use_gui=False
[INFO] 2025-04-29 17:04:08 - 加载地图模型 building_path=assets/building/building.obj
[INFO] 2025-04-29 17:04:08 - [Init] Blue #0 | ID=1 | Pos=[0.0, 0.0, 0.0]
[INFO] 2025-04-29 17:04:41 - Episode finished: {'step_count': 200, 'done': True, 'total_reward': -0.2781265784732166, 'collision': False, 'arrival': False, 'step_limited': True, 'episode/total_reward': -34.56344944014172, 'episode/step_count': 200, 'episode/target_progress': -1.9543434464705796, 'episode/obstacle_penalty': 0.0, 'episode/heading_alignment': -262.86250540710415}
[INFO] 2025-04-29 17:04:41 - 仿真环境重置 ...
[INFO] 2025-04-29 17:04:41 - 已清除 GUI 轨迹
[INFO] 2025-04-29 17:04:41 - 已断开 PyBullet 连接
[INFO] 2025-04-29 17:04:41 - 初始化 SingleDroneSim
[INFO] 2025-04-29 17:04:41 - 成功连接 PyBullet, use_gui=False
[INFO] 2025-04-29 17:04:41 - 加载地图模型 building_path=assets/building/building.obj
[INFO] 2025-04-29 17:04:41 - [Init] Blue #0 | ID=1 | Pos=[0.0, 0.0, 0.0]
